Using pre-set license
Built from '2020.3/staging' branch; Version is '2020.3.11f1 (99c7afb366b3) revision 10078127'; Using compiler version '192528614'; Build Type 'Release'
OS: 'Windows 10 Pro; OS build 19042.1052; Version 2009; 64bit' Language: 'pt' Physical Memory: 8044 MB
BatchMode: 1, IsHumanControllingUs: 0, StartBugReporterOnCrash: 0, Is64bit: 1, IsPro: 0

 COMMAND LINE ARGUMENTS:
C:\Program Files\Unity\Hub\Editor\2020.3.11f1\Editor\Unity.exe
-adb2
-batchMode
-noUpm
-name
AssetImportWorker0
-projectPath
C:/Users/klait/danki
-logFile
Logs/AssetImportWorker0.log
-srvPort
53867
Successfully changed project path to: C:/Users/klait/danki
C:/Users/klait/danki
Using Asset Import Pipeline V2.
Refreshing native plugins compatible for Editor in 58.28 ms, found 2 plugins.
Preloading 0 native plugins for Editor in 0.00 ms.
Initialize engine version: 2020.3.11f1 (99c7afb366b3)
[Subsystems] Discovering subsystems at path C:/Program Files/Unity/Hub/Editor/2020.3.11f1/Editor/Data/Resources/UnitySubsystems
[Subsystems] Discovering subsystems at path C:/Users/klait/danki/Assets
GfxDevice: creating device client; threaded=0
Direct3D:
    Version:  Direct3D 11.0 [level 11.1]
    Renderer: Intel(R) HD Graphics 620 (ID=0x5916)
    Vendor:   
    VRAM:     4022 MB
    Driver:   27.20.100.9466
Initialize mono
Mono path[0] = 'C:/Program Files/Unity/Hub/Editor/2020.3.11f1/Editor/Data/Managed'
Mono path[1] = 'C:/Program Files/Unity/Hub/Editor/2020.3.11f1/Editor/Data/MonoBleedingEdge/lib/mono/unityjit'
Mono config path = 'C:/Program Files/Unity/Hub/Editor/2020.3.11f1/Editor/Data/MonoBleedingEdge/etc'
Using monoOptions --debugger-agent=transport=dt_socket,embedding=1,server=y,suspend=n,address=127.0.0.1:56324
Begin MonoManager ReloadAssembly
Registering precompiled unity dll's ...
Register platform support module: C:/Program Files/Unity/Hub/Editor/2020.3.11f1/Editor/Data/PlaybackEngines/WebGLSupport/UnityEditor.WebGL.Extensions.dll
Register platform support module: C:/Program Files/Unity/Hub/Editor/2020.3.11f1/Editor/Data/PlaybackEngines/WindowsStandaloneSupport/UnityEditor.WindowsStandalone.Extensions.dll
Registered in 0.003798 seconds.
Native extension for WindowsStandalone target not found
Native extension for WebGL target not found
Refreshing native plugins compatible for Editor in 48.03 ms, found 2 plugins.
Preloading 0 native plugins for Editor in 0.00 ms.
Mono: successfully reloaded assembly
- Completed reload, in  2.332 seconds
Platform modules already initialized, skipping
Registering precompiled user dll's ...
Registered in 0.009414 seconds.
Begin MonoManager ReloadAssembly
Native extension for WindowsStandalone target not found
Native extension for WebGL target not found
Refreshing native plugins compatible for Editor in 0.66 ms, found 2 plugins.
Preloading 0 native plugins for Editor in 0.00 ms.
Mono: successfully reloaded assembly
- Completed reload, in  2.043 seconds
Platform modules already initialized, skipping
========================================================================
Worker process is ready to serve import requests
Launched and connected shader compiler UnityShaderCompiler.exe after 0.17 seconds
Refreshing native plugins compatible for Editor in 0.32 ms, found 2 plugins.
Preloading 0 native plugins for Editor in 0.00 ms.
Unloading 1386 Unused Serialized files (Serialized files now loaded: 0)
System memory in use before: 64.7 MB.
System memory in use after: 64.8 MB.

Unloading 19 unused Assets to reduce memory usage. Loaded Objects now: 1819.
Total: 2.502400 ms (FindLiveObjects: 0.274000 ms CreateObjectMapping: 0.113100 ms MarkObjects: 2.011400 ms  DeleteObjects: 0.102200 ms)

========================================================================
Received Import Request.
  path: Assets/Scenes
  artifactKey: Guid(6a8683860aa647344839dad5b9e9ddc9) Importer(815301076,1909f56bfc062723c751e8b465ee728b)
Start importing Assets/Scenes using Guid(6a8683860aa647344839dad5b9e9ddc9) Importer(815301076,1909f56bfc062723c751e8b465ee728b)  -> (artifact id: 'fc4021602ffc44a2f1aac681aeda3f21') in 0.015163 seconds
  Import took 0.046301 seconds .

========================================================================
Received Import Request.
  Time since last request: 0.000292 seconds.
  path: Assets/Scenes/SampleScene.unity
  artifactKey: Guid(9fc0d4010bbf28b4594072e72b8655ab) Importer(815301076,1909f56bfc062723c751e8b465ee728b)
Start importing Assets/Scenes/SampleScene.unity using Guid(9fc0d4010bbf28b4594072e72b8655ab) Importer(815301076,1909f56bfc062723c751e8b465ee728b)  -> (artifact id: '85059f4f9e1a832ed95adaa0d25c5c4c') in 0.035035 seconds
  Import took 0.051681 seconds .

========================================================================
Received Import Request.
  Time since last request: 481.965032 seconds.
  path: Assets/SampleScenes/Scenes/CharacterThirdPersonAI/NavMesh.asset
  artifactKey: Guid(16a894ad965db4c4b87f2774a6863f12) Importer(815301076,1909f56bfc062723c751e8b465ee728b)
Start importing Assets/SampleScenes/Scenes/CharacterThirdPersonAI/NavMesh.asset using Guid(16a894ad965db4c4b87f2774a6863f12) Importer(815301076,1909f56bfc062723c751e8b465ee728b)  -> (artifact id: 'd600ba608db201da8283246fcb4e5af1') in 0.069991 seconds
  Import took 0.075236 seconds .

========================================================================
Received Import Request.
  Time since last request: 44.639433 seconds.
  path: Assets/SampleScenes/Scenes/2dCharacter.unity
  artifactKey: Guid(e64703861e6c7d748bab0c2dee48b08d) Importer(815301076,1909f56bfc062723c751e8b465ee728b)
Start importing Assets/SampleScenes/Scenes/2dCharacter.unity using Guid(e64703861e6c7d748bab0c2dee48b08d) Importer(815301076,1909f56bfc062723c751e8b465ee728b)  -> (artifact id: 'd7670b09dee083d1e9c342302b0cc87d') in 0.016133 seconds
  Import took 0.021576 seconds .

========================================================================
Received Import Request.
  Time since last request: 4.685066 seconds.
  path: Assets/SampleScenes/Scenes/AircraftPropeller4Axis.unity
  artifactKey: Guid(5bda8cddff6467b49826e3ff2a374f49) Importer(815301076,1909f56bfc062723c751e8b465ee728b)
Start importing Assets/SampleScenes/Scenes/AircraftPropeller4Axis.unity using Guid(5bda8cddff6467b49826e3ff2a374f49) Importer(815301076,1909f56bfc062723c751e8b465ee728b)  -> (artifact id: 'cd0975708855dd7fddb2b5f031cf0878') in 0.014476 seconds
  Import took 0.019111 seconds .

========================================================================
Received Import Request.
  Time since last request: 63.005920 seconds.
  path: Assets/SampleScenes/Scenes/CharacterThirdPersonAI.unity
  artifactKey: Guid(17382a6997de5bf4a9ca6c4830613498) Importer(815301076,1909f56bfc062723c751e8b465ee728b)
Start importing Assets/SampleScenes/Scenes/CharacterThirdPersonAI.unity using Guid(17382a6997de5bf4a9ca6c4830613498) Importer(815301076,1909f56bfc062723c751e8b465ee728b)  -> (artifact id: '5bdcd9db1ac903461d78d5b14b1bc50a') in 0.017173 seconds
  Import took 0.022782 seconds .

========================================================================
Received Import Request.
  Time since last request: 71.558180 seconds.
  path: Assets/SampleScenes/Scenes/Car.unity
  artifactKey: Guid(41b8fdb98491fab48a0cd641d4c0e3b1) Importer(815301076,1909f56bfc062723c751e8b465ee728b)
Start importing Assets/SampleScenes/Scenes/Car.unity using Guid(41b8fdb98491fab48a0cd641d4c0e3b1) Importer(815301076,1909f56bfc062723c751e8b465ee728b)  -> (artifact id: '15892e2a0c9bfdf9ad1cc663093d355d') in 0.022901 seconds
  Import took 0.030220 seconds .

========================================================================
Received Import Request.
  Time since last request: 29.017846 seconds.
  path: Assets/SampleScenes/Scenes/AircraftJetAI.unity
  artifactKey: Guid(363861c29c39f0e4bb36d75975950302) Importer(815301076,1909f56bfc062723c751e8b465ee728b)
Start importing Assets/SampleScenes/Scenes/AircraftJetAI.unity using Guid(363861c29c39f0e4bb36d75975950302) Importer(815301076,1909f56bfc062723c751e8b465ee728b)  -> (artifact id: 'eb667ddfc651278dc5c163ac285038b0') in 0.021625 seconds
  Import took 0.025986 seconds .

========================================================================
Received Import Request.
  Time since last request: 6.991485 seconds.
  path: Assets/SampleScenes/Scenes/AircraftJet2Axis.unity
  artifactKey: Guid(1648d99da5b4a7c4582afcd4b5660f01) Importer(815301076,1909f56bfc062723c751e8b465ee728b)
Start importing Assets/SampleScenes/Scenes/AircraftJet2Axis.unity using Guid(1648d99da5b4a7c4582afcd4b5660f01) Importer(815301076,1909f56bfc062723c751e8b465ee728b)  -> (artifact id: 'a8e5c30dee413d596baf3899a9d9e7e4') in 0.018517 seconds
  Import took 0.023457 seconds .

========================================================================
Received Import Request.
  Time since last request: 184.282839 seconds.
  path: Assets/Standard Assets/Utility/SimpleActivatorMenu.cs
  artifactKey: Guid(69b69a5b0e0a85b4aa97a7edc40c37d1) Importer(815301076,1909f56bfc062723c751e8b465ee728b)
Start importing Assets/Standard Assets/Utility/SimpleActivatorMenu.cs using Guid(69b69a5b0e0a85b4aa97a7edc40c37d1) Importer(815301076,1909f56bfc062723c751e8b465ee728b)  -> (artifact id: '552e3fe06e25ca657b305d775251df73') in 0.918721 seconds
  Import took 0.923025 seconds .

========================================================================
Received Prepare
Registering precompiled user dll's ...
Registered in 0.093171 seconds.
Begin MonoManager ReloadAssembly
Native extension for WindowsStandalone target not found
Native extension for WebGL target not found
Refreshing native plugins compatible for Editor in 0.57 ms, found 2 plugins.
Preloading 0 native plugins for Editor in 0.00 ms.
[ScriptCompilation] NOT recompiling all scripts because this is an import worker process. Reason to compile was: Define symbols changed
Mono: successfully reloaded assembly
- Completed reload, in  1.429 seconds
Platform modules already initialized, skipping
Refreshing native plugins compatible for Editor in 0.41 ms, found 2 plugins.
Preloading 0 native plugins for Editor in 0.00 ms.
Unloading 1512 Unused Serialized files (Serialized files now loaded: 0)
System memory in use before: 76.7 MB.
System memory in use after: 72.3 MB.

Unloading 35 unused Assets to reduce memory usage. Loaded Objects now: 1937.
Total: 6.812900 ms (FindLiveObjects: 0.192400 ms CreateObjectMapping: 0.052200 ms MarkObjects: 3.510100 ms  DeleteObjects: 3.056500 ms)

========================================================================
Received Import Request.
  Time since last request: 307.394254 seconds.
  path: Assets/Standard Assets/Utility/SimpleActivatorMenu.cs
  artifactKey: Guid(69b69a5b0e0a85b4aa97a7edc40c37d1) Importer(815301076,1909f56bfc062723c751e8b465ee728b)
Start importing Assets/Standard Assets/Utility/SimpleActivatorMenu.cs using Guid(69b69a5b0e0a85b4aa97a7edc40c37d1) Importer(815301076,1909f56bfc062723c751e8b465ee728b)  -> (artifact id: 'ec4cecb3ebccd23dbdecbd684da22cf2') in 0.016255 seconds
  Import took 0.020526 seconds .

========================================================================
Received Import Request.
  Time since last request: 0.056303 seconds.
  path: Assets/Standard Assets/Utility/SimpleActivatorMenu.cs
  artifactKey: Guid(69b69a5b0e0a85b4aa97a7edc40c37d1) Importer(815301076,1909f56bfc062723c751e8b465ee728b)
Start importing Assets/Standard Assets/Utility/SimpleActivatorMenu.cs using Guid(69b69a5b0e0a85b4aa97a7edc40c37d1) Importer(815301076,1909f56bfc062723c751e8b465ee728b)  -> (artifact id: 'ec4cecb3ebccd23dbdecbd684da22cf2') in 0.012778 seconds
  Import took 0.017767 seconds .

========================================================================
Received Prepare
Registering precompiled user dll's ...
Registered in 0.009678 seconds.
Begin MonoManager ReloadAssembly
Native extension for WindowsStandalone target not found
Native extension for WebGL target not found
Refreshing native plugins compatible for Editor in 0.72 ms, found 2 plugins.
Preloading 0 native plugins for Editor in 0.00 ms.
[ScriptCompilation] NOT recompiling all scripts because this is an import worker process. Reason to compile was: Define symbols changed
Mono: successfully reloaded assembly
- Completed reload, in  1.405 seconds
Platform modules already initialized, skipping
Refreshing native plugins compatible for Editor in 0.40 ms, found 2 plugins.
Preloading 0 native plugins for Editor in 0.00 ms.
Unloading 1511 Unused Serialized files (Serialized files now loaded: 0)
System memory in use before: 76.7 MB.
System memory in use after: 72.2 MB.

Unloading 35 unused Assets to reduce memory usage. Loaded Objects now: 1940.
Total: 5.797100 ms (FindLiveObjects: 0.196700 ms CreateObjectMapping: 0.059000 ms MarkObjects: 2.381300 ms  DeleteObjects: 3.158200 ms)

========================================================================
Received Prepare
Registering precompiled user dll's ...
Registered in 0.005181 seconds.
Begin MonoManager ReloadAssembly
Native extension for WindowsStandalone target not found
Native extension for WebGL target not found
Refreshing native plugins compatible for Editor in 0.69 ms, found 2 plugins.
Preloading 0 native plugins for Editor in 0.00 ms.
[ScriptCompilation] NOT recompiling all scripts because this is an import worker process. Reason to compile was: Define symbols changed
Mono: successfully reloaded assembly
- Completed reload, in  1.806 seconds
Platform modules already initialized, skipping
Refreshing native plugins compatible for Editor in 0.43 ms, found 2 plugins.
Preloading 0 native plugins for Editor in 0.00 ms.
Unloading 1511 Unused Serialized files (Serialized files now loaded: 0)
System memory in use before: 76.6 MB.
System memory in use after: 72.2 MB.

Unloading 35 unused Assets to reduce memory usage. Loaded Objects now: 1943.
Total: 8.150700 ms (FindLiveObjects: 0.221200 ms CreateObjectMapping: 0.086200 ms MarkObjects: 3.614300 ms  DeleteObjects: 4.226300 ms)

========================================================================
Received Prepare
Registering precompiled user dll's ...
Registered in 0.010522 seconds.
Begin MonoManager ReloadAssembly
Native extension for WindowsStandalone target not found
Native extension for WebGL target not found
Refreshing native plugins compatible for Editor in 0.42 ms, found 2 plugins.
Preloading 0 native plugins for Editor in 0.00 ms.
[ScriptCompilation] NOT recompiling all scripts because this is an import worker process. Reason to compile was: Define symbols changed
Mono: successfully reloaded assembly
- Completed reload, in  1.712 seconds
Platform modules already initialized, skipping
Refreshing native plugins compatible for Editor in 0.48 ms, found 2 plugins.
Preloading 0 native plugins for Editor in 0.00 ms.
Unloading 1511 Unused Serialized files (Serialized files now loaded: 0)
System memory in use before: 76.6 MB.
System memory in use after: 72.2 MB.

Unloading 35 unused Assets to reduce memory usage. Loaded Objects now: 1946.
Total: 7.444000 ms (FindLiveObjects: 0.449500 ms CreateObjectMapping: 0.182100 ms MarkObjects: 3.480300 ms  DeleteObjects: 3.328800 ms)

========================================================================
Received Import Request.
  Time since last request: 455.956175 seconds.
  path: Assets/SampleScenes/Scenes/CharacterThirdPerson.unity
  artifactKey: Guid(0cb5d44a4c963f145acdb0a0c95d9d1b) Importer(815301076,1909f56bfc062723c751e8b465ee728b)
Start importing Assets/SampleScenes/Scenes/CharacterThirdPerson.unity using Guid(0cb5d44a4c963f145acdb0a0c95d9d1b) Importer(815301076,1909f56bfc062723c751e8b465ee728b)  -> (artifact id: 'f5feeaecb1c6f672332112953f2b60ec') in 0.037326 seconds
  Import took 0.043047 seconds .

========================================================================
Received Prepare
Registering precompiled user dll's ...
Registered in 0.028945 seconds.
Begin MonoManager ReloadAssembly
Native extension for WindowsStandalone target not found
Native extension for WebGL target not found
Refreshing native plugins compatible for Editor in 0.46 ms, found 2 plugins.
Preloading 0 native plugins for Editor in 0.00 ms.
[ScriptCompilation] NOT recompiling all scripts because this is an import worker process. Reason to compile was: Define symbols changed
Mono: successfully reloaded assembly
- Completed reload, in  4.977 seconds
Platform modules already initialized, skipping
Refreshing native plugins compatible for Editor in 0.44 ms, found 2 plugins.
Preloading 0 native plugins for Editor in 0.00 ms.
Unloading 1511 Unused Serialized files (Serialized files now loaded: 0)
System memory in use before: 76.6 MB.
System memory in use after: 72.3 MB.

Unloading 35 unused Assets to reduce memory usage. Loaded Objects now: 1949.
Total: 5.970500 ms (FindLiveObjects: 0.191100 ms CreateObjectMapping: 0.063500 ms MarkObjects: 2.342100 ms  DeleteObjects: 3.371700 ms)

========================================================================
Received Prepare
Registering precompiled user dll's ...
Registered in 0.042981 seconds.
Begin MonoManager ReloadAssembly
Native extension for WindowsStandalone target not found
Native extension for WebGL target not found
Refreshing native plugins compatible for Editor in 2.06 ms, found 2 plugins.
Preloading 0 native plugins for Editor in 0.00 ms.
[ScriptCompilation] NOT recompiling all scripts because this is an import worker process. Reason to compile was: Define symbols changed
Mono: successfully reloaded assembly
- Completed reload, in 11.392 seconds
Platform modules already initialized, skipping
Refreshing native plugins compatible for Editor in 1.23 ms, found 2 plugins.
Preloading 0 native plugins for Editor in 0.00 ms.
Unloading 1511 Unused Serialized files (Serialized files now loaded: 0)
System memory in use before: 76.7 MB.
System memory in use after: 72.3 MB.

Unloading 35 unused Assets to reduce memory usage. Loaded Objects now: 1952.
Total: 22.702200 ms (FindLiveObjects: 0.597600 ms CreateObjectMapping: 0.467100 ms MarkObjects: 5.389900 ms  DeleteObjects: 16.243100 ms)

========================================================================
Received Import Request.
  Time since last request: 426.920389 seconds.
  path: Assets/SampleScenes/Scenes/Particles.unity
  artifactKey: Guid(9148cc7972b0bc848b21aef88468f740) Importer(815301076,1909f56bfc062723c751e8b465ee728b)
Start importing Assets/SampleScenes/Scenes/Particles.unity using Guid(9148cc7972b0bc848b21aef88468f740) Importer(815301076,1909f56bfc062723c751e8b465ee728b)  -> (artifact id: 'b55e6f8887541e4ac401a728b3917fb1') in 0.071140 seconds
  Import took 0.088109 seconds .

========================================================================
Received Import Request.
  Time since last request: 0.109772 seconds.
  path: Assets/SampleScenes/Scenes/Particles.unity
  artifactKey: Guid(9148cc7972b0bc848b21aef88468f740) Importer(815301076,1909f56bfc062723c751e8b465ee728b)
Start importing Assets/SampleScenes/Scenes/Particles.unity using Guid(9148cc7972b0bc848b21aef88468f740) Importer(815301076,1909f56bfc062723c751e8b465ee728b)  -> (artifact id: 'b55e6f8887541e4ac401a728b3917fb1') in 0.025356 seconds
  Import took 0.029289 seconds .

========================================================================
Received Prepare
Registering precompiled user dll's ...
Registered in 0.005474 seconds.
Begin MonoManager ReloadAssembly
Native extension for WindowsStandalone target not found
Native extension for WebGL target not found
Refreshing native plugins compatible for Editor in 0.43 ms, found 2 plugins.
Preloading 0 native plugins for Editor in 0.00 ms.
[ScriptCompilation] NOT recompiling all scripts because this is an import worker process. Reason to compile was: Define symbols changed
Mono: successfully reloaded assembly
- Completed reload, in  1.474 seconds
Platform modules already initialized, skipping
Refreshing native plugins compatible for Editor in 0.48 ms, found 2 plugins.
Preloading 0 native plugins for Editor in 0.00 ms.
Unloading 1511 Unused Serialized files (Serialized files now loaded: 0)
System memory in use before: 76.7 MB.
System memory in use after: 72.3 MB.

Unloading 35 unused Assets to reduce memory usage. Loaded Objects now: 1955.
Total: 7.911300 ms (FindLiveObjects: 0.214100 ms CreateObjectMapping: 0.072600 ms MarkObjects: 4.152800 ms  DeleteObjects: 3.469200 ms)

========================================================================
Received Prepare
Registering precompiled user dll's ...
Registered in 0.005856 seconds.
Begin MonoManager ReloadAssembly
Native extension for WindowsStandalone target not found
Native extension for WebGL target not found
Refreshing native plugins compatible for Editor in 0.43 ms, found 2 plugins.
Preloading 0 native plugins for Editor in 0.00 ms.
[ScriptCompilation] NOT recompiling all scripts because this is an import worker process. Reason to compile was: Define symbols changed
Mono: successfully reloaded assembly
- Completed reload, in  1.337 seconds
Platform modules already initialized, skipping
Refreshing native plugins compatible for Editor in 0.42 ms, found 2 plugins.
Preloading 0 native plugins for Editor in 0.00 ms.
Unloading 1511 Unused Serialized files (Serialized files now loaded: 0)
System memory in use before: 76.7 MB.
System memory in use after: 72.3 MB.

Unloading 35 unused Assets to reduce memory usage. Loaded Objects now: 1958.
Total: 6.778000 ms (FindLiveObjects: 0.209100 ms CreateObjectMapping: 0.075200 ms MarkObjects: 3.071600 ms  DeleteObjects: 3.420200 ms)

========================================================================
Received Prepare
Registering precompiled user dll's ...
Registered in 0.022046 seconds.
Begin MonoManager ReloadAssembly
Native extension for WindowsStandalone target not found
Native extension for WebGL target not found
Refreshing native plugins compatible for Editor in 1.03 ms, found 2 plugins.
Preloading 0 native plugins for Editor in 0.00 ms.
[ScriptCompilation] NOT recompiling all scripts because this is an import worker process. Reason to compile was: Define symbols changed
Mono: successfully reloaded assembly
- Completed reload, in  1.807 seconds
Platform modules already initialized, skipping
Refreshing native plugins compatible for Editor in 0.44 ms, found 2 plugins.
Preloading 0 native plugins for Editor in 0.00 ms.
Unloading 1511 Unused Serialized files (Serialized files now loaded: 0)
System memory in use before: 76.7 MB.
System memory in use after: 72.3 MB.

Unloading 35 unused Assets to reduce memory usage. Loaded Objects now: 1961.
Total: 7.427800 ms (FindLiveObjects: 0.342400 ms CreateObjectMapping: 0.140100 ms MarkObjects: 2.119400 ms  DeleteObjects: 4.824000 ms)

========================================================================
Received Prepare
Registering precompiled user dll's ...
Registered in 0.004850 seconds.
Begin MonoManager ReloadAssembly
Native extension for WindowsStandalone target not found
Native extension for WebGL target not found
Refreshing native plugins compatible for Editor in 0.47 ms, found 2 plugins.
Preloading 0 native plugins for Editor in 0.00 ms.
[ScriptCompilation] NOT recompiling all scripts because this is an import worker process. Reason to compile was: Define symbols changed
Mono: successfully reloaded assembly
- Completed reload, in  1.509 seconds
Platform modules already initialized, skipping
Refreshing native plugins compatible for Editor in 0.41 ms, found 2 plugins.
Preloading 0 native plugins for Editor in 0.00 ms.
Unloading 1511 Unused Serialized files (Serialized files now loaded: 0)
System memory in use before: 76.7 MB.
System memory in use after: 72.3 MB.

Unloading 35 unused Assets to reduce memory usage. Loaded Objects now: 1964.
Total: 6.999000 ms (FindLiveObjects: 0.198200 ms CreateObjectMapping: 0.094400 ms MarkObjects: 2.207400 ms  DeleteObjects: 4.497000 ms)

========================================================================
Received Import Request.
  Time since last request: 767.844233 seconds.
  path: Assets/Tree_Textures/diffuse.png
  artifactKey: Guid(3f2b5560b6b0afc44984adc20ef69ab0) Importer(815301076,1909f56bfc062723c751e8b465ee728b)
Start importing Assets/Tree_Textures/diffuse.png using Guid(3f2b5560b6b0afc44984adc20ef69ab0) Importer(815301076,1909f56bfc062723c751e8b465ee728b)  -> (artifact id: 'e05aaab5e839d2a3f96266953835f064') in 0.402114 seconds
  Import took 0.407464 seconds .

========================================================================
Received Import Request.
  Time since last request: 0.000373 seconds.
  path: Assets/Tree_Textures/translucency_gloss.png
  artifactKey: Guid(5083dea7f0f0f544281eeac52a9289b4) Importer(815301076,1909f56bfc062723c751e8b465ee728b)
Start importing Assets/Tree_Textures/translucency_gloss.png using Guid(5083dea7f0f0f544281eeac52a9289b4) Importer(815301076,1909f56bfc062723c751e8b465ee728b)  -> (artifact id: '98989a79bd189ffb3aeffe12acd0680b') in 0.061774 seconds
  Import took 0.065851 seconds .

========================================================================
Received Import Request.
  Time since last request: 0.000296 seconds.
  path: Assets/Tree_Textures/normal_specular.png
  artifactKey: Guid(571f0dd59884f594a980e352cbea581a) Importer(815301076,1909f56bfc062723c751e8b465ee728b)
Start importing Assets/Tree_Textures/normal_specular.png using Guid(571f0dd59884f594a980e352cbea581a) Importer(815301076,1909f56bfc062723c751e8b465ee728b)  -> (artifact id: 'ace56a50b3147908c43104294184227f') in 0.042304 seconds
  Import took 0.049504 seconds .

========================================================================
Received Prepare
Registering precompiled user dll's ...
Registered in 0.009675 seconds.
Begin MonoManager ReloadAssembly
Native extension for WindowsStandalone target not found
Native extension for WebGL target not found
Refreshing native plugins compatible for Editor in 0.66 ms, found 2 plugins.
Preloading 0 native plugins for Editor in 0.00 ms.
[ScriptCompilation] NOT recompiling all scripts because this is an import worker process. Reason to compile was: Define symbols changed
Mono: successfully reloaded assembly
- Completed reload, in  1.655 seconds
Platform modules already initialized, skipping
Refreshing native plugins compatible for Editor in 0.40 ms, found 2 plugins.
Preloading 0 native plugins for Editor in 0.00 ms.
Unloading 1512 Unused Serialized files (Serialized files now loaded: 0)
System memory in use before: 76.7 MB.
System memory in use after: 72.3 MB.

Unloading 35 unused Assets to reduce memory usage. Loaded Objects now: 1970.
Total: 7.105600 ms (FindLiveObjects: 0.210000 ms CreateObjectMapping: 0.067600 ms MarkObjects: 2.283600 ms  DeleteObjects: 4.542800 ms)

========================================================================
Received Prepare
Registering precompiled user dll's ...
Registered in 0.005392 seconds.
Begin MonoManager ReloadAssembly
Native extension for WindowsStandalone target not found
Native extension for WebGL target not found
Refreshing native plugins compatible for Editor in 0.92 ms, found 2 plugins.
Preloading 0 native plugins for Editor in 0.00 ms.
[ScriptCompilation] NOT recompiling all scripts because this is an import worker process. Reason to compile was: Define symbols changed
Mono: successfully reloaded assembly
- Completed reload, in  1.684 seconds
Platform modules already initialized, skipping
Refreshing native plugins compatible for Editor in 0.43 ms, found 2 plugins.
Preloading 0 native plugins for Editor in 0.00 ms.
Unloading 1512 Unused Serialized files (Serialized files now loaded: 0)
System memory in use before: 76.8 MB.
System memory in use after: 72.3 MB.

Unloading 35 unused Assets to reduce memory usage. Loaded Objects now: 1973.
Total: 6.827500 ms (FindLiveObjects: 0.250200 ms CreateObjectMapping: 0.088600 ms MarkObjects: 2.121400 ms  DeleteObjects: 4.364900 ms)

========================================================================
Received Prepare
Registering precompiled user dll's ...
Registered in 0.048121 seconds.
Begin MonoManager ReloadAssembly
Native extension for WindowsStandalone target not found
Native extension for WebGL target not found
Refreshing native plugins compatible for Editor in 0.87 ms, found 2 plugins.
Preloading 0 native plugins for Editor in 0.00 ms.
[ScriptCompilation] NOT recompiling all scripts because this is an import worker process. Reason to compile was: Define symbols changed
Mono: successfully reloaded assembly
- Completed reload, in  1.746 seconds
Platform modules already initialized, skipping
Refreshing native plugins compatible for Editor in 0.50 ms, found 2 plugins.
Preloading 0 native plugins for Editor in 0.00 ms.
Unloading 1512 Unused Serialized files (Serialized files now loaded: 0)
System memory in use before: 76.8 MB.
System memory in use after: 72.4 MB.

Unloading 35 unused Assets to reduce memory usage. Loaded Objects now: 1976.
Total: 11.475000 ms (FindLiveObjects: 0.656900 ms CreateObjectMapping: 0.203500 ms MarkObjects: 3.271800 ms  DeleteObjects: 7.340600 ms)

========================================================================
Received Prepare
Registering precompiled user dll's ...
Registered in 0.006451 seconds.
Begin MonoManager ReloadAssembly
Native extension for WindowsStandalone target not found
Native extension for WebGL target not found
Refreshing native plugins compatible for Editor in 0.42 ms, found 2 plugins.
Preloading 0 native plugins for Editor in 0.00 ms.
[ScriptCompilation] NOT recompiling all scripts because this is an import worker process. Reason to compile was: Define symbols changed
Mono: successfully reloaded assembly
- Completed reload, in  1.577 seconds
Platform modules already initialized, skipping
Refreshing native plugins compatible for Editor in 0.47 ms, found 2 plugins.
Preloading 0 native plugins for Editor in 0.00 ms.
Unloading 1512 Unused Serialized files (Serialized files now loaded: 0)
System memory in use before: 76.7 MB.
System memory in use after: 72.4 MB.

Unloading 35 unused Assets to reduce memory usage. Loaded Objects now: 1979.
Total: 6.067900 ms (FindLiveObjects: 0.258400 ms CreateObjectMapping: 0.139900 ms MarkObjects: 2.257000 ms  DeleteObjects: 3.410500 ms)

========================================================================
Received Prepare
Registering precompiled user dll's ...
Registered in 0.007423 seconds.
Begin MonoManager ReloadAssembly
Native extension for WindowsStandalone target not found
Native extension for WebGL target not found
Refreshing native plugins compatible for Editor in 0.43 ms, found 2 plugins.
Preloading 0 native plugins for Editor in 0.00 ms.
[ScriptCompilation] NOT recompiling all scripts because this is an import worker process. Reason to compile was: Define symbols changed
Mono: successfully reloaded assembly
- Completed reload, in  1.588 seconds
Platform modules already initialized, skipping
Refreshing native plugins compatible for Editor in 0.42 ms, found 2 plugins.
Preloading 0 native plugins for Editor in 0.00 ms.
Unloading 1512 Unused Serialized files (Serialized files now loaded: 0)
System memory in use before: 76.8 MB.
System memory in use after: 72.4 MB.

Unloading 35 unused Assets to reduce memory usage. Loaded Objects now: 1982.
Total: 7.120400 ms (FindLiveObjects: 0.216500 ms CreateObjectMapping: 0.066800 ms MarkObjects: 2.500200 ms  DeleteObjects: 4.334900 ms)

========================================================================
Received Prepare
Registering precompiled user dll's ...
Registered in 0.005284 seconds.
Begin MonoManager ReloadAssembly
Native extension for WindowsStandalone target not found
Native extension for WebGL target not found
Refreshing native plugins compatible for Editor in 0.43 ms, found 2 plugins.
Preloading 0 native plugins for Editor in 0.00 ms.
[ScriptCompilation] NOT recompiling all scripts because this is an import worker process. Reason to compile was: Define symbols changed
Mono: successfully reloaded assembly
- Completed reload, in  1.456 seconds
Platform modules already initialized, skipping
Refreshing native plugins compatible for Editor in 0.43 ms, found 2 plugins.
Preloading 0 native plugins for Editor in 0.00 ms.
Unloading 1512 Unused Serialized files (Serialized files now loaded: 0)
System memory in use before: 76.7 MB.
System memory in use after: 72.4 MB.

Unloading 35 unused Assets to reduce memory usage. Loaded Objects now: 1985.
Total: 5.791100 ms (FindLiveObjects: 0.181000 ms CreateObjectMapping: 0.096500 ms MarkObjects: 2.232800 ms  DeleteObjects: 3.279500 ms)

========================================================================
Received Import Request.
  Time since last request: 884.819204 seconds.
  path: Assets/movimento.cs
  artifactKey: Guid(ac05b61ef388d854bb49d9a398451366) Importer(815301076,1909f56bfc062723c751e8b465ee728b)
Start importing Assets/movimento.cs using Guid(ac05b61ef388d854bb49d9a398451366) Importer(815301076,1909f56bfc062723c751e8b465ee728b)  -> (artifact id: '1ee76cb0280b7f0c3db6b4aaf9f28595') in 0.059364 seconds
  Import took 0.065760 seconds .

========================================================================
Received Import Request.
  Time since last request: 0.000103 seconds.
  path: Assets/movimento.cs
  artifactKey: Guid(ac05b61ef388d854bb49d9a398451366) Importer(815301076,1909f56bfc062723c751e8b465ee728b)
Start importing Assets/movimento.cs using Guid(ac05b61ef388d854bb49d9a398451366) Importer(815301076,1909f56bfc062723c751e8b465ee728b)  -> (artifact id: '1ee76cb0280b7f0c3db6b4aaf9f28595') in 0.016334 seconds
  Import took 0.022504 seconds .

========================================================================
Received Import Request.
  Time since last request: 63.821081 seconds.
  path: Assets/Movimento.cs
  artifactKey: Guid(ac05b61ef388d854bb49d9a398451366) Importer(815301076,1909f56bfc062723c751e8b465ee728b)
Start importing Assets/Movimento.cs using Guid(ac05b61ef388d854bb49d9a398451366) Importer(815301076,1909f56bfc062723c751e8b465ee728b)  -> (artifact id: '4c567a0059f9bcbc588722e5240a7721') in 0.030141 seconds
  Import took 0.041182 seconds .

========================================================================
Received Prepare
Registering precompiled user dll's ...
Registered in 0.008497 seconds.
Begin MonoManager ReloadAssembly
Native extension for WindowsStandalone target not found
Native extension for WebGL target not found
Refreshing native plugins compatible for Editor in 0.43 ms, found 2 plugins.
Preloading 0 native plugins for Editor in 0.00 ms.
[ScriptCompilation] NOT recompiling all scripts because this is an import worker process. Reason to compile was: Define symbols changed
Mono: successfully reloaded assembly
- Completed reload, in  1.398 seconds
Platform modules already initialized, skipping
Refreshing native plugins compatible for Editor in 0.47 ms, found 2 plugins.
Preloading 0 native plugins for Editor in 0.00 ms.
Unloading 1512 Unused Serialized files (Serialized files now loaded: 0)
System memory in use before: 76.8 MB.
System memory in use after: 72.4 MB.

Unloading 35 unused Assets to reduce memory usage. Loaded Objects now: 1988.
Total: 6.633200 ms (FindLiveObjects: 0.564500 ms CreateObjectMapping: 0.092200 ms MarkObjects: 2.260400 ms  DeleteObjects: 3.712200 ms)

========================================================================
Received Prepare
Registering precompiled user dll's ...
Registered in 0.006543 seconds.
Begin MonoManager ReloadAssembly
Native extension for WindowsStandalone target not found
Native extension for WebGL target not found
Refreshing native plugins compatible for Editor in 0.47 ms, found 2 plugins.
Preloading 0 native plugins for Editor in 0.00 ms.
[ScriptCompilation] NOT recompiling all scripts because this is an import worker process. Reason to compile was: Define symbols changed
Mono: successfully reloaded assembly
- Completed reload, in  1.360 seconds
Platform modules already initialized, skipping
Refreshing native plugins compatible for Editor in 0.44 ms, found 2 plugins.
Preloading 0 native plugins for Editor in 0.00 ms.
Unloading 1511 Unused Serialized files (Serialized files now loaded: 0)
System memory in use before: 76.7 MB.
System memory in use after: 72.4 MB.

Unloading 36 unused Assets to reduce memory usage. Loaded Objects now: 1990.
Total: 5.842100 ms (FindLiveObjects: 0.198200 ms CreateObjectMapping: 0.062200 ms MarkObjects: 2.171600 ms  DeleteObjects: 3.408300 ms)

========================================================================
Received Prepare
Registering precompiled user dll's ...
Registered in 0.006442 seconds.
Begin MonoManager ReloadAssembly
Native extension for WindowsStandalone target not found
Native extension for WebGL target not found
Refreshing native plugins compatible for Editor in 0.44 ms, found 2 plugins.
Preloading 0 native plugins for Editor in 0.00 ms.
[ScriptCompilation] NOT recompiling all scripts because this is an import worker process. Reason to compile was: Define symbols changed
Mono: successfully reloaded assembly
- Completed reload, in  1.422 seconds
Platform modules already initialized, skipping
Refreshing native plugins compatible for Editor in 0.46 ms, found 2 plugins.
Preloading 0 native plugins for Editor in 0.00 ms.
Unloading 1512 Unused Serialized files (Serialized files now loaded: 0)
System memory in use before: 76.8 MB.
System memory in use after: 72.4 MB.

Unloading 35 unused Assets to reduce memory usage. Loaded Objects now: 1994.
Total: 5.731600 ms (FindLiveObjects: 0.198500 ms CreateObjectMapping: 0.060700 ms MarkObjects: 2.017800 ms  DeleteObjects: 3.452600 ms)

========================================================================
Received Import Request.
  Time since last request: 40.206733 seconds.
  path: Assets/Movimento.cs
  artifactKey: Guid(ac05b61ef388d854bb49d9a398451366) Importer(815301076,1909f56bfc062723c751e8b465ee728b)
Start importing Assets/Movimento.cs using Guid(ac05b61ef388d854bb49d9a398451366) Importer(815301076,1909f56bfc062723c751e8b465ee728b)  -> (artifact id: '53c381f2b3084ad71c09901f192aadf2') in 0.010819 seconds
  Import took 0.024988 seconds .

========================================================================
Received Import Request.
  Time since last request: 30.888478 seconds.
  path: Assets/Movimento.cs
  artifactKey: Guid(ac05b61ef388d854bb49d9a398451366) Importer(815301076,1909f56bfc062723c751e8b465ee728b)
Start importing Assets/Movimento.cs using Guid(ac05b61ef388d854bb49d9a398451366) Importer(815301076,1909f56bfc062723c751e8b465ee728b)  -> (artifact id: 'b475ffc126157237e0faa05509e150bf') in 0.014472 seconds
  Import took 0.021712 seconds .

========================================================================
Received Prepare
Registering precompiled user dll's ...
Registered in 0.007270 seconds.
Begin MonoManager ReloadAssembly
Native extension for WindowsStandalone target not found
Native extension for WebGL target not found
Refreshing native plugins compatible for Editor in 0.59 ms, found 2 plugins.
Preloading 0 native plugins for Editor in 0.00 ms.
[ScriptCompilation] NOT recompiling all scripts because this is an import worker process. Reason to compile was: Define symbols changed
Mono: successfully reloaded assembly
- Completed reload, in  1.430 seconds
Platform modules already initialized, skipping
Refreshing native plugins compatible for Editor in 0.41 ms, found 2 plugins.
Preloading 0 native plugins for Editor in 0.00 ms.
Unloading 1512 Unused Serialized files (Serialized files now loaded: 0)
System memory in use before: 76.7 MB.
System memory in use after: 72.4 MB.

Unloading 35 unused Assets to reduce memory usage. Loaded Objects now: 1997.
Total: 6.721200 ms (FindLiveObjects: 0.369500 ms CreateObjectMapping: 0.286400 ms MarkObjects: 2.587200 ms  DeleteObjects: 3.475800 ms)

========================================================================
Received Import Request.
  Time since last request: 35.245240 seconds.
  path: Assets/Movimento.cs
  artifactKey: Guid(ac05b61ef388d854bb49d9a398451366) Importer(815301076,1909f56bfc062723c751e8b465ee728b)
Start importing Assets/Movimento.cs using Guid(ac05b61ef388d854bb49d9a398451366) Importer(815301076,1909f56bfc062723c751e8b465ee728b)  -> (artifact id: '3e319b2653fb7dfa1344ee4bcb7f2bfb') in 0.010266 seconds
  Import took 0.013477 seconds .

========================================================================
Received Prepare
Registering precompiled user dll's ...
Registered in 0.006350 seconds.
Begin MonoManager ReloadAssembly
Native extension for WindowsStandalone target not found
Native extension for WebGL target not found
Refreshing native plugins compatible for Editor in 0.42 ms, found 2 plugins.
Preloading 0 native plugins for Editor in 0.00 ms.
[ScriptCompilation] NOT recompiling all scripts because this is an import worker process. Reason to compile was: Define symbols changed
Mono: successfully reloaded assembly
- Completed reload, in  1.389 seconds
Platform modules already initialized, skipping
Refreshing native plugins compatible for Editor in 0.42 ms, found 2 plugins.
Preloading 0 native plugins for Editor in 0.00 ms.
Unloading 1512 Unused Serialized files (Serialized files now loaded: 0)
System memory in use before: 76.9 MB.
System memory in use after: 72.4 MB.

Unloading 35 unused Assets to reduce memory usage. Loaded Objects now: 2000.
Total: 7.049200 ms (FindLiveObjects: 0.222200 ms CreateObjectMapping: 0.070500 ms MarkObjects: 2.258900 ms  DeleteObjects: 4.496200 ms)

========================================================================
Received Prepare
Registering precompiled user dll's ...
Registered in 0.006536 seconds.
Begin MonoManager ReloadAssembly
Native extension for WindowsStandalone target not found
Native extension for WebGL target not found
Refreshing native plugins compatible for Editor in 0.43 ms, found 2 plugins.
Preloading 0 native plugins for Editor in 0.00 ms.
[ScriptCompilation] NOT recompiling all scripts because this is an import worker process. Reason to compile was: Define symbols changed
Mono: successfully reloaded assembly
- Completed reload, in  1.501 seconds
Platform modules already initialized, skipping
Refreshing native plugins compatible for Editor in 0.48 ms, found 2 plugins.
Preloading 0 native plugins for Editor in 0.00 ms.
Unloading 1513 Unused Serialized files (Serialized files now loaded: 0)
System memory in use before: 76.9 MB.
System memory in use after: 72.4 MB.

Unloading 35 unused Assets to reduce memory usage. Loaded Objects now: 2004.
Total: 6.888900 ms (FindLiveObjects: 0.182400 ms CreateObjectMapping: 0.057100 ms MarkObjects: 3.172300 ms  DeleteObjects: 3.474700 ms)

========================================================================
Received Import Request.
  Time since last request: 404.650372 seconds.
  path: Assets/NewBehaviourScript.cs
  artifactKey: Guid(19bc8f5b47ff30f47a0b245ff6614f38) Importer(815301076,1909f56bfc062723c751e8b465ee728b)
Start importing Assets/NewBehaviourScript.cs using Guid(19bc8f5b47ff30f47a0b245ff6614f38) Importer(815301076,1909f56bfc062723c751e8b465ee728b)  -> (artifact id: '1d7f79bd78f9451f0130e8c1541dcecc') in 0.020545 seconds
  Import took 0.024875 seconds .

========================================================================
Received Prepare
Registering precompiled user dll's ...
Registered in 0.007672 seconds.
Begin MonoManager ReloadAssembly
Native extension for WindowsStandalone target not found
Native extension for WebGL target not found
Refreshing native plugins compatible for Editor in 0.52 ms, found 2 plugins.
Preloading 0 native plugins for Editor in 0.00 ms.
[ScriptCompilation] NOT recompiling all scripts because this is an import worker process. Reason to compile was: Define symbols changed
Mono: successfully reloaded assembly
- Completed reload, in  1.425 seconds
Platform modules already initialized, skipping
Refreshing native plugins compatible for Editor in 0.42 ms, found 2 plugins.
Preloading 0 native plugins for Editor in 0.00 ms.
Unloading 1512 Unused Serialized files (Serialized files now loaded: 0)
System memory in use before: 76.8 MB.
System memory in use after: 72.4 MB.

Unloading 36 unused Assets to reduce memory usage. Loaded Objects now: 2006.
Total: 6.992800 ms (FindLiveObjects: 0.329900 ms CreateObjectMapping: 0.157900 ms MarkObjects: 2.773400 ms  DeleteObjects: 3.730000 ms)

========================================================================
Received Prepare
Registering precompiled user dll's ...
Registered in 0.005930 seconds.
Begin MonoManager ReloadAssembly
Native extension for WindowsStandalone target not found
Native extension for WebGL target not found
Refreshing native plugins compatible for Editor in 0.44 ms, found 2 plugins.
Preloading 0 native plugins for Editor in 0.00 ms.
[ScriptCompilation] NOT recompiling all scripts because this is an import worker process. Reason to compile was: Define symbols changed
Mono: successfully reloaded assembly
- Completed reload, in  1.445 seconds
Platform modules already initialized, skipping
Refreshing native plugins compatible for Editor in 0.43 ms, found 2 plugins.
Preloading 0 native plugins for Editor in 0.00 ms.
Unloading 1511 Unused Serialized files (Serialized files now loaded: 0)
System memory in use before: 76.9 MB.
System memory in use after: 72.4 MB.

Unloading 36 unused Assets to reduce memory usage. Loaded Objects now: 2008.
Total: 6.672300 ms (FindLiveObjects: 0.229800 ms CreateObjectMapping: 0.085700 ms MarkObjects: 2.627500 ms  DeleteObjects: 3.727600 ms)

========================================================================
Received Prepare
Registering precompiled user dll's ...
Registered in 0.006504 seconds.
Begin MonoManager ReloadAssembly
Native extension for WindowsStandalone target not found
Native extension for WebGL target not found
Refreshing native plugins compatible for Editor in 0.45 ms, found 2 plugins.
Preloading 0 native plugins for Editor in 0.00 ms.
[ScriptCompilation] NOT recompiling all scripts because this is an import worker process. Reason to compile was: Define symbols changed
Mono: successfully reloaded assembly
- Completed reload, in  1.498 seconds
Platform modules already initialized, skipping
Refreshing native plugins compatible for Editor in 0.64 ms, found 2 plugins.
Preloading 0 native plugins for Editor in 0.00 ms.
Unloading 1512 Unused Serialized files (Serialized files now loaded: 0)
System memory in use before: 76.8 MB.
System memory in use after: 72.4 MB.

Unloading 35 unused Assets to reduce memory usage. Loaded Objects now: 2012.
Total: 6.510500 ms (FindLiveObjects: 0.208200 ms CreateObjectMapping: 0.070600 ms MarkObjects: 2.329800 ms  DeleteObjects: 3.900500 ms)

========================================================================
Received Prepare
Registering precompiled user dll's ...
Registered in 0.006326 seconds.
Begin MonoManager ReloadAssembly
Native extension for WindowsStandalone target not found
Native extension for WebGL target not found
Refreshing native plugins compatible for Editor in 0.51 ms, found 2 plugins.
Preloading 0 native plugins for Editor in 0.00 ms.
[ScriptCompilation] NOT recompiling all scripts because this is an import worker process. Reason to compile was: Define symbols changed
Mono: successfully reloaded assembly
- Completed reload, in  1.399 seconds
Platform modules already initialized, skipping
Refreshing native plugins compatible for Editor in 0.77 ms, found 2 plugins.
Preloading 0 native plugins for Editor in 0.00 ms.
Unloading 1511 Unused Serialized files (Serialized files now loaded: 0)
System memory in use before: 76.8 MB.
System memory in use after: 72.4 MB.

Unloading 36 unused Assets to reduce memory usage. Loaded Objects now: 2014.
Total: 6.990200 ms (FindLiveObjects: 0.191400 ms CreateObjectMapping: 0.072500 ms MarkObjects: 2.031900 ms  DeleteObjects: 4.692700 ms)

========================================================================
Received Import Request.
  Time since last request: 100.884740 seconds.
  path: Assets/SampleScenes/Shaders
  artifactKey: Guid(bf7e2c6946c8b754fb8e8f818aa82fc8) Importer(815301076,1909f56bfc062723c751e8b465ee728b)
Start importing Assets/SampleScenes/Shaders using Guid(bf7e2c6946c8b754fb8e8f818aa82fc8) Importer(815301076,1909f56bfc062723c751e8b465ee728b)  -> (artifact id: '4df54c0b831bce5090bfa078f66c4ab3') in 0.017446 seconds
  Import took 0.022064 seconds .

========================================================================
Received Import Request.
  Time since last request: 0.005671 seconds.
  path: Assets/SampleScenes/Shaders
  artifactKey: Guid(bf7e2c6946c8b754fb8e8f818aa82fc8) Importer(815301076,1909f56bfc062723c751e8b465ee728b)
Start importing Assets/SampleScenes/Shaders using Guid(bf7e2c6946c8b754fb8e8f818aa82fc8) Importer(815301076,1909f56bfc062723c751e8b465ee728b)  -> (artifact id: '4df54c0b831bce5090bfa078f66c4ab3') in 0.007872 seconds
  Import took 0.013502 seconds .

========================================================================
Received Prepare
Registering precompiled user dll's ...
Registered in 0.006764 seconds.
Begin MonoManager ReloadAssembly
Native extension for WindowsStandalone target not found
Native extension for WebGL target not found
Refreshing native plugins compatible for Editor in 0.43 ms, found 2 plugins.
Preloading 0 native plugins for Editor in 0.00 ms.
[ScriptCompilation] NOT recompiling all scripts because this is an import worker process. Reason to compile was: Define symbols changed
Mono: successfully reloaded assembly
- Completed reload, in  1.559 seconds
Platform modules already initialized, skipping
Refreshing native plugins compatible for Editor in 0.40 ms, found 2 plugins.
Preloading 0 native plugins for Editor in 0.00 ms.
Unloading 1512 Unused Serialized files (Serialized files now loaded: 0)
System memory in use before: 76.8 MB.
System memory in use after: 72.4 MB.

Unloading 35 unused Assets to reduce memory usage. Loaded Objects now: 2018.
Total: 6.806200 ms (FindLiveObjects: 0.351800 ms CreateObjectMapping: 0.123800 ms MarkObjects: 2.749200 ms  DeleteObjects: 3.579000 ms)

========================================================================
Received Import Request.
  Time since last request: 29.031662 seconds.
  path: Assets/Tree_Textures
  artifactKey: Guid(4842a565697e8b14eb70726e73d34455) Importer(815301076,1909f56bfc062723c751e8b465ee728b)
Start importing Assets/Tree_Textures using Guid(4842a565697e8b14eb70726e73d34455) Importer(815301076,1909f56bfc062723c751e8b465ee728b)  -> (artifact id: '36c74efefe31e031786bc5a0f8b6e4f1') in 0.018738 seconds
  Import took 0.023696 seconds .

========================================================================
Received Import Request.
  Time since last request: 3.852731 seconds.
  path: Assets/SampleScenes/Textures
  artifactKey: Guid(086f32566457e9b4399348747e15d7a8) Importer(815301076,1909f56bfc062723c751e8b465ee728b)
Start importing Assets/SampleScenes/Textures using Guid(086f32566457e9b4399348747e15d7a8) Importer(815301076,1909f56bfc062723c751e8b465ee728b)  -> (artifact id: '1365bc79deadcb65828563d790d2249a') in 0.014678 seconds
  Import took 0.018777 seconds .

========================================================================
Received Import Request.
  Time since last request: 17.216484 seconds.
  path: Assets/Tree.prefab
  artifactKey: Guid(1fe4ea6c0d6484f47881145c08de8288) Importer(815301076,1909f56bfc062723c751e8b465ee728b)
Start importing Assets/Tree.prefab using Guid(1fe4ea6c0d6484f47881145c08de8288) Importer(815301076,1909f56bfc062723c751e8b465ee728b)  -> (artifact id: 'ca88e8a740ae651060574303db4724a5') in 0.698519 seconds
  Import took 0.703064 seconds .

========================================================================
Received Import Request.
  Time since last request: 60.640590 seconds.
  path: Assets/Standard Assets/Fonts
  artifactKey: Guid(5d757120c2679c94f95bbb8c06341f10) Importer(815301076,1909f56bfc062723c751e8b465ee728b)
Start importing Assets/Standard Assets/Fonts using Guid(5d757120c2679c94f95bbb8c06341f10) Importer(815301076,1909f56bfc062723c751e8b465ee728b)  -> (artifact id: '1046e24c5cd05ff1018a5e5484bbad3e') in 0.016331 seconds
  Import took 0.020935 seconds .

========================================================================
Received Prepare
Registering precompiled user dll's ...
Registered in 0.005608 seconds.
Begin MonoManager ReloadAssembly
Native extension for WindowsStandalone target not found
Native extension for WebGL target not found
Refreshing native plugins compatible for Editor in 0.48 ms, found 2 plugins.
Preloading 0 native plugins for Editor in 0.00 ms.
[ScriptCompilation] NOT recompiling all scripts because this is an import worker process. Reason to compile was: Define symbols changed
Mono: successfully reloaded assembly
- Completed reload, in  1.611 seconds
Platform modules already initialized, skipping
Refreshing native plugins compatible for Editor in 1.14 ms, found 2 plugins.
Preloading 0 native plugins for Editor in 0.00 ms.
Unloading 1511 Unused Serialized files (Serialized files now loaded: 0)
System memory in use before: 80.7 MB.
System memory in use after: 76.3 MB.

Unloading 36 unused Assets to reduce memory usage. Loaded Objects now: 2067.
Total: 10.251700 ms (FindLiveObjects: 0.343800 ms CreateObjectMapping: 0.152300 ms MarkObjects: 4.524500 ms  DeleteObjects: 5.228400 ms)

========================================================================
Received Prepare
Registering precompiled user dll's ...
Registered in 0.009988 seconds.
Begin MonoManager ReloadAssembly
Native extension for WindowsStandalone target not found
Native extension for WebGL target not found
Refreshing native plugins compatible for Editor in 0.43 ms, found 2 plugins.
Preloading 0 native plugins for Editor in 0.00 ms.
[ScriptCompilation] NOT recompiling all scripts because this is an import worker process. Reason to compile was: Define symbols changed
Mono: successfully reloaded assembly
- Completed reload, in  1.501 seconds
Platform modules already initialized, skipping
Refreshing native plugins compatible for Editor in 0.41 ms, found 2 plugins.
Preloading 0 native plugins for Editor in 0.00 ms.
Unloading 1512 Unused Serialized files (Serialized files now loaded: 0)
System memory in use before: 80.7 MB.
System memory in use after: 76.3 MB.

Unloading 35 unused Assets to reduce memory usage. Loaded Objects now: 2071.
Total: 6.608300 ms (FindLiveObjects: 0.396100 ms CreateObjectMapping: 0.106000 ms MarkObjects: 2.103700 ms  DeleteObjects: 4.000800 ms)

========================================================================
Received Prepare
Registering precompiled user dll's ...
Registered in 0.005237 seconds.
Begin MonoManager ReloadAssembly
Native extension for WindowsStandalone target not found
Native extension for WebGL target not found
Refreshing native plugins compatible for Editor in 0.45 ms, found 2 plugins.
Preloading 0 native plugins for Editor in 0.00 ms.
[ScriptCompilation] NOT recompiling all scripts because this is an import worker process. Reason to compile was: Define symbols changed
Mono: successfully reloaded assembly
- Completed reload, in  1.420 seconds
Platform modules already initialized, skipping
Refreshing native plugins compatible for Editor in 0.90 ms, found 2 plugins.
Preloading 0 native plugins for Editor in 0.00 ms.
Unloading 1512 Unused Serialized files (Serialized files now loaded: 0)
System memory in use before: 80.7 MB.
System memory in use after: 76.3 MB.

Unloading 35 unused Assets to reduce memory usage. Loaded Objects now: 2074.
Total: 6.132500 ms (FindLiveObjects: 0.261400 ms CreateObjectMapping: 0.084600 ms MarkObjects: 2.288400 ms  DeleteObjects: 3.496300 ms)

========================================================================
Received Prepare
Registering precompiled user dll's ...
Registered in 0.005629 seconds.
Begin MonoManager ReloadAssembly
Native extension for WindowsStandalone target not found
Native extension for WebGL target not found
Refreshing native plugins compatible for Editor in 0.72 ms, found 2 plugins.
Preloading 0 native plugins for Editor in 0.00 ms.
[ScriptCompilation] NOT recompiling all scripts because this is an import worker process. Reason to compile was: Define symbols changed
Mono: successfully reloaded assembly
- Completed reload, in  1.706 seconds
Platform modules already initialized, skipping
Refreshing native plugins compatible for Editor in 0.68 ms, found 2 plugins.
Preloading 0 native plugins for Editor in 0.00 ms.
Unloading 1512 Unused Serialized files (Serialized files now loaded: 0)
System memory in use before: 80.8 MB.
System memory in use after: 76.4 MB.

Unloading 35 unused Assets to reduce memory usage. Loaded Objects now: 2077.
Total: 5.798200 ms (FindLiveObjects: 0.217900 ms CreateObjectMapping: 0.065300 ms MarkObjects: 2.047400 ms  DeleteObjects: 3.466200 ms)

========================================================================
Received Prepare
Registering precompiled user dll's ...
Registered in 0.008380 seconds.
Begin MonoManager ReloadAssembly
Native extension for WindowsStandalone target not found
Native extension for WebGL target not found
Refreshing native plugins compatible for Editor in 0.58 ms, found 2 plugins.
Preloading 0 native plugins for Editor in 0.00 ms.
[ScriptCompilation] NOT recompiling all scripts because this is an import worker process. Reason to compile was: Define symbols changed
Mono: successfully reloaded assembly
- Completed reload, in  2.223 seconds
Platform modules already initialized, skipping
Refreshing native plugins compatible for Editor in 1.34 ms, found 2 plugins.
Preloading 0 native plugins for Editor in 0.00 ms.
Unloading 1512 Unused Serialized files (Serialized files now loaded: 0)
System memory in use before: 80.8 MB.
System memory in use after: 76.4 MB.

Unloading 35 unused Assets to reduce memory usage. Loaded Objects now: 2080.
Total: 12.960200 ms (FindLiveObjects: 0.369800 ms CreateObjectMapping: 0.134100 ms MarkObjects: 4.900000 ms  DeleteObjects: 7.552900 ms)

AssetImportWorkerClient::OnTransportError - code=2 error=End of file
